2024-12-07 13:18:11 [main] INFO  project.extensions.Position - moving back through the directory
2024-12-07 13:18:11 [main] INFO  project.extensions.Position - successful file selection
2024-12-07 13:18:11 [main] INFO  project.extensions.Expander - an attempt to rename a file
2024-12-07 13:18:11 [main] INFO  project.extensions.Expander - getting the file extension
2024-12-07 13:18:11 [main] INFO  project.extensions.Position - successful file selection
2024-12-07 13:18:11 [main] INFO  project.extensions.Expander - successful file renaming attempt
2024-12-07 13:18:52 [main] INFO  project.extensions.MainApp - the program is running
2024-12-07 13:19:10 [main] INFO  project.extensions.Position - moving back through the directory
2024-12-07 13:19:10 [main] INFO  project.extensions.Position - successful file selection
2024-12-07 13:19:10 [main] INFO  project.extensions.Expander - an attempt to rename a file
2024-12-07 13:19:10 [main] INFO  project.extensions.Expander - getting the file extension
2024-12-07 13:19:10 [main] INFO  project.extensions.Position - successful file selection
2024-12-07 13:19:10 [main] INFO  project.extensions.Expander - successful file renaming attempt
2024-12-07 13:41:50 [main] INFO  project.extensions.Position - moving back through the directory
2024-12-07 13:42:57 [main] INFO  project.extensions.Position - moving back through the directory
2024-12-07 13:42:57 [main] INFO  project.extensions.Position - successful file selection
2024-12-07 13:42:57 [main] INFO  project.extensions.Expander - an attempt to rename a file
2024-12-07 13:42:57 [main] INFO  project.extensions.Expander - getting the file extension
2024-12-07 13:42:57 [main] INFO  project.extensions.Position - successful file selection
2024-12-07 13:42:57 [main] INFO  project.extensions.Expander - successful file renaming attempt
2024-12-07 13:46:03 [main] INFO  project.extensions.Position - moving back through the directory
2024-12-07 13:46:03 [main] INFO  project.extensions.Position - successful file selection
2024-12-07 13:46:03 [main] INFO  project.extensions.Expander - an attempt to rename a file
2024-12-07 13:46:03 [main] INFO  project.extensions.Expander - getting the file extension
2024-12-07 13:46:03 [main] INFO  project.extensions.Position - successful file selection
2024-12-07 13:46:03 [main] INFO  project.extensions.Expander - successful file renaming attempt
2024-12-07 13:47:37 [main] INFO  project.extensions.Position - moving back through the directory
2024-12-07 13:47:37 [main] INFO  project.extensions.Position - successful file selection
2024-12-07 13:47:37 [main] INFO  project.extensions.Expander - an attempt to rename a file
2024-12-07 13:47:37 [main] INFO  project.extensions.Expander - getting the file extension
2024-12-07 13:47:37 [main] INFO  project.extensions.Position - successful file selection
2024-12-07 13:47:37 [main] INFO  project.extensions.Expander - successful file renaming attempt
2024-12-07 13:49:52 [main] INFO  project.extensions.Position - moving back through the directory
2024-12-07 13:49:52 [main] INFO  project.extensions.Position - successful file selection
2024-12-07 13:49:52 [main] INFO  project.extensions.Expander - an attempt to rename a file
2024-12-07 13:49:52 [main] INFO  project.extensions.Expander - getting the file extension
2024-12-07 13:49:52 [main] INFO  project.extensions.Position - successful file selection
2024-12-07 13:49:52 [main] INFO  project.extensions.Expander - successful file renaming attempt
2024-12-07 13:50:51 [main] INFO  project.extensions.Position - moving back through the directory
2024-12-07 13:54:00 [main] INFO  project.extensions.Position - moving back through the directory
2024-12-07 13:54:01 [main] INFO  project.extensions.Position - successful file selection
2024-12-07 13:54:01 [main] INFO  project.extensions.Expander - an attempt to rename a file
2024-12-07 13:54:01 [main] INFO  project.extensions.Expander - getting the file extension
2024-12-07 13:54:01 [main] INFO  project.extensions.Position - successful file selection
2024-12-07 13:54:01 [main] INFO  project.extensions.Expander - successful file renaming attempt
